# JRE version: Java(TM) SE Runtime Environment (8.0_31-b13) (build 1.8.0_31-b13)
# Java VM: Java HotSpot(TM) Client VM (25.31-b07 mixed mode windows-x86 )
Heap:
 def new generation   total 4928K, used 2521K [0x3a200000, 0x3a750000, 0x3bca0000)
  eden space 4416K,  52% used [0x3a200000, 0x3a445c28, 0x3a650000)
  from space 512K,  38% used [0x3a650000, 0x3a680ad0, 0x3a6d0000)
  to   space 512K,   0% used [0x3a6d0000, 0x3a6d0000, 0x3a750000)
 tenured generation   total 10944K, used 2503K [0x3bca0000, 0x3c750000, 0x3f200000)
   the space 10944K,  22% used [0x3bca0000, 0x3bf11d70, 0x3bf11e00, 0x3c750000)
 Metaspace       used 3602K, capacity 3708K, committed 3776K, reserved 4480K
GC Heap History (10 events):
Event: 307.891 GC heap before
{Heap before GC invocations=159 (full 0):
 def new generation   total 4928K, used 4523K [0x3a200000, 0x3a750000, 0x3bca0000)
  eden space 4416K, 100% used [0x3a200000, 0x3a650000, 0x3a650000)
  from space 512K,  20% used [0x3a6d0000, 0x3a6ead00, 0x3a750000)
  to   space 512K,   0% used [0x3a650000, 0x3a650000, 0x3a6d0000)
 tenured generation   total 10944K, used 2503K [0x3bca0000, 0x3c750000, 0x3f200000)
   the space 10944K,  22% used [0x3bca0000, 0x3bf11d70, 0x3bf11e00, 0x3c750000)
 Metaspace       used 3602K, capacity 3708K, committed 3776K, reserved 4480K
Event: 307.891 GC heap after
Heap after GC invocations=160 (full 0):
 def new generation   total 4928K, used 306K [0x3a200000, 0x3a750000, 0x3bca0000)
  eden space 4416K,   0% used [0x3a200000, 0x3a200000, 0x3a650000)
  from space 512K,  59% used [0x3a650000, 0x3a69c800, 0x3a6d0000)
  to   space 512K,   0% used [0x3a6d0000, 0x3a6d0000, 0x3a750000)
 tenured generation   total 10944K, used 2503K [0x3bca0000, 0x3c750000, 0x3f200000)
   the space 10944K,  22% used [0x3bca0000, 0x3bf11d70, 0x3bf11e00, 0x3c750000)
 Metaspace       used 3602K, capacity 3708K, committed 3776K, reserved 4480K
}
Event: 308.346 GC heap before
{Heap before GC invocations=160 (full 0):
 def new generation   total 4928K, used 4722K [0x3a200000, 0x3a750000, 0x3bca0000)
  eden space 4416K, 100% used [0x3a200000, 0x3a650000, 0x3a650000)
  from space 512K,  59% used [0x3a650000, 0x3a69c800, 0x3a6d0000)
  to   space 512K,   0% used [0x3a6d0000, 0x3a6d0000, 0x3a750000)
 tenured generation   total 10944K, used 2503K [0x3bca0000, 0x3c750000, 0x3f200000)
   the space 10944K,  22% used [0x3bca0000, 0x3bf11d70, 0x3bf11e00, 0x3c750000)
 Metaspace       used 3602K, capacity 3708K, committed 3776K, reserved 4480K
Event: 308.347 GC heap after
Heap after GC invocations=161 (full 0):
 def new generation   total 4928K, used 123K [0x3a200000, 0x3a750000, 0x3bca0000)
  eden space 4416K,   0% used [0x3a200000, 0x3a200000, 0x3a650000)
  from space 512K,  24% used [0x3a6d0000, 0x3a6eefb8, 0x3a750000)
  to   space 512K,   0% used [0x3a650000, 0x3a650000, 0x3a6d0000)
 tenured generation   total 10944K, used 2503K [0x3bca0000, 0x3c750000, 0x3f200000)
   the space 10944K,  22% used [0x3bca0000, 0x3bf11d70, 0x3bf11e00, 0x3c750000)
 Metaspace       used 3602K, capacity 3708K, committed 3776K, reserved 4480K
}
Event: 308.663 GC heap before
{Heap before GC invocations=161 (full 0):
 def new generation   total 4928K, used 4539K [0x3a200000, 0x3a750000, 0x3bca0000)
  eden space 4416K, 100% used [0x3a200000, 0x3a650000, 0x3a650000)
  from space 512K,  24% used [0x3a6d0000, 0x3a6eefb8, 0x3a750000)
  to   space 512K,   0% used [0x3a650000, 0x3a650000, 0x3a6d0000)
 tenured generation   total 10944K, used 2503K [0x3bca0000, 0x3c750000, 0x3f200000)
   the space 10944K,  22% used [0x3bca0000, 0x3bf11d70, 0x3bf11e00, 0x3c750000)
 Metaspace       used 3602K, capacity 3708K, committed 3776K, reserved 4480K
Event: 308.664 GC heap after
Heap after GC invocations=162 (full 0):
 def new generation   total 4928K, used 186K [0x3a200000, 0x3a750000, 0x3bca0000)
  eden space 4416K,   0% used [0x3a200000, 0x3a200000, 0x3a650000)
  from space 512K,  36% used [0x3a650000, 0x3a67e970, 0x3a6d0000)
  to   space 512K,   0% used [0x3a6d0000, 0x3a6d0000, 0x3a750000)
 tenured generation   total 10944K, used 2503K [0x3bca0000, 0x3c750000, 0x3f200000)
   the space 10944K,  22% used [0x3bca0000, 0x3bf11d70, 0x3bf11e00, 0x3c750000)
 Metaspace       used 3602K, capacity 3708K, committed 3776K, reserved 4480K
}
Event: 309.102 GC heap before
{Heap before GC invocations=162 (full 0):
 def new generation   total 4928K, used 4602K [0x3a200000, 0x3a750000, 0x3bca0000)
  eden space 4416K, 100% used [0x3a200000, 0x3a650000, 0x3a650000)
  from space 512K,  36% used [0x3a650000, 0x3a67e970, 0x3a6d0000)
  to   space 512K,   0% used [0x3a6d0000, 0x3a6d0000, 0x3a750000)
 tenured generation   total 10944K, used 2503K [0x3bca0000, 0x3c750000, 0x3f200000)
   the space 10944K,  22% used [0x3bca0000, 0x3bf11d70, 0x3bf11e00, 0x3c750000)
 Metaspace       used 3602K, capacity 3708K, committed 3776K, reserved 4480K
Event: 309.103 GC heap after
Heap after GC invocations=163 (full 0):
 def new generation   total 4928K, used 212K [0x3a200000, 0x3a750000, 0x3bca0000)
  eden space 4416K,   0% used [0x3a200000, 0x3a200000, 0x3a650000)
  from space 512K,  41% used [0x3a6d0000, 0x3a705070, 0x3a750000)
  to   space 512K,   0% used [0x3a650000, 0x3a650000, 0x3a6d0000)
 tenured generation   total 10944K, used 2503K [0x3bca0000, 0x3c750000, 0x3f200000)
   the space 10944K,  22% used [0x3bca0000, 0x3bf11d70, 0x3bf11e00, 0x3c750000)
 Metaspace       used 3602K, capacity 3708K, committed 3776K, reserved 4480K
}
Event: 309.368 GC heap before
{Heap before GC invocations=163 (full 0):
 def new generation   total 4928K, used 4628K [0x3a200000, 0x3a750000, 0x3bca0000)
  eden space 4416K, 100% used [0x3a200000, 0x3a650000, 0x3a650000)
  from space 512K,  41% used [0x3a6d0000, 0x3a705070, 0x3a750000)
  to   space 512K,   0% used [0x3a650000, 0x3a650000, 0x3a6d0000)
 tenured generation   total 10944K, used 2503K [0x3bca0000, 0x3c750000, 0x3f200000)
   the space 10944K,  22% used [0x3bca0000, 0x3bf11d70, 0x3bf11e00, 0x3c750000)
 Metaspace       used 3602K, capacity 3708K, committed 3776K, reserved 4480K
Event: 309.369 GC heap after
Heap after GC invocations=164 (full 0):
 def new generation   total 4928K, used 194K [0x3a200000, 0x3a750000, 0x3bca0000)
  eden space 4416K,   0% used [0x3a200000, 0x3a200000, 0x3a650000)
  from space 512K,  38% used [0x3a650000, 0x3a680ad0, 0x3a6d0000)
  to   space 512K,   0% used [0x3a6d0000, 0x3a6d0000, 0x3a750000)
 tenured generation   total 10944K, used 2503K [0x3bca0000, 0x3c750000, 0x3f200000)
   the space 10944K,  22% used [0x3bca0000, 0x3bf11d70, 0x3bf11e00, 0x3c750000)
 Metaspace       used 3602K, capacity 3708K, committed 3776K, reserved 4480K
}

